# JRE version: Java(TM) SE Runtime Environment (17.0.1+12) (build 17.0.1+12-LTS-39)
# Java VM: Java HotSpot(TM) 64-Bit Server VM (17.0.1+12-LTS-39, mixed mode, emulated-client, sharing, tiered, compressed oops, compressed class ptrs, g1 gc, windows-amd64)
GC Precious Log:
 CPUs: 8 total, 8 available
 Memory: 8072M
 Large Page Support: Disabled
 NUMA Support: Disabled
 Compressed Oops: Enabled (32-bit)
 Heap Region Size: 1M
 Heap Min Capacity: 8M
 Heap Initial Capacity: 128M
 Heap Max Capacity: 2020M
 Pre-touch: Disabled
 Parallel Workers: 8
 Concurrent Workers: 2
 Concurrent Refinement Workers: 8
 Periodic GC: Disabled
Heap:
 garbage-first heap   total 78848K, used 52922K [0x0000000081c00000, 0x0000000100000000)
  region size 1024K, 23 young (23552K), 3 survivors (3072K)
 Metaspace       used 58223K, committed 58688K, reserved 1105920K
  class space    used 8187K, committed 8448K, reserved 1048576K
GC Heap History (20 events):
Event: 3.843 GC heap before
{Heap before GC invocations=6 (full 0):
 garbage-first heap   total 55296K, used 17868K [0x0000000081c00000, 0x0000000100000000)
  region size 1024K, 4 young (4096K), 3 survivors (3072K)
 Metaspace       used 24546K, committed 24832K, reserved 1073152K
  class space    used 3385K, committed 3520K, reserved 1048576K
}
Event: 3.848 GC heap after
{Heap after GC invocations=7 (full 0):
 garbage-first heap   total 55296K, used 16740K [0x0000000081c00000, 0x0000000100000000)
  region size 1024K, 1 young (1024K), 1 survivors (1024K)
 Metaspace       used 24546K, committed 24832K, reserved 1073152K
  class space    used 3385K, committed 3520K, reserved 1048576K
}
Event: 4.254 GC heap before
{Heap before GC invocations=7 (full 0):
 garbage-first heap   total 55296K, used 39268K [0x0000000081c00000, 0x0000000100000000)
  region size 1024K, 23 young (23552K), 1 survivors (1024K)
 Metaspace       used 28091K, committed 28480K, reserved 1073152K
  class space    used 3894K, committed 4096K, reserved 1048576K
}
Event: 4.262 GC heap after
{Heap after GC invocations=8 (full 0):
 garbage-first heap   total 55296K, used 18751K [0x0000000081c00000, 0x0000000100000000)
  region size 1024K, 3 young (3072K), 3 survivors (3072K)
 Metaspace       used 28091K, committed 28480K, reserved 1073152K
  class space    used 3894K, committed 4096K, reserved 1048576K
}
Event: 4.279 GC heap before
{Heap before GC invocations=8 (full 0):
 garbage-first heap   total 55296K, used 39231K [0x0000000081c00000, 0x0000000100000000)
  region size 1024K, 24 young (24576K), 3 survivors (3072K)
 Metaspace       used 28174K, committed 28544K, reserved 1073152K
  class space    used 3903K, committed 4096K, reserved 1048576K
}
Event: 4.284 GC heap after
{Heap after GC invocations=9 (full 0):
 garbage-first heap   total 92160K, used 19098K [0x0000000081c00000, 0x0000000100000000)
  region size 1024K, 1 young (1024K), 1 survivors (1024K)
 Metaspace       used 28174K, committed 28544K, reserved 1073152K
  class space    used 3903K, committed 4096K, reserved 1048576K
}
Event: 5.006 GC heap before
{Heap before GC invocations=9 (full 0):
 garbage-first heap   total 92160K, used 69274K [0x0000000081c00000, 0x0000000100000000)
  region size 1024K, 51 young (52224K), 1 survivors (1024K)
 Metaspace       used 33762K, committed 34112K, reserved 1081344K
  class space    used 4765K, committed 4928K, reserved 1048576K
}
Event: 5.010 GC heap after
{Heap after GC invocations=10 (full 0):
 garbage-first heap   total 92160K, used 20480K [0x0000000081c00000, 0x0000000100000000)
  region size 1024K, 2 young (2048K), 2 survivors (2048K)
 Metaspace       used 33762K, committed 34112K, reserved 1081344K
  class space    used 4765K, committed 4928K, reserved 1048576K
}
Event: 5.176 GC heap before
{Heap before GC invocations=10 (full 0):
 garbage-first heap   total 92160K, used 24576K [0x0000000081c00000, 0x0000000100000000)
  region size 1024K, 7 young (7168K), 2 survivors (2048K)
 Metaspace       used 35627K, committed 35968K, reserved 1081344K
  class space    used 4964K, committed 5120K, reserved 1048576K
}
Event: 5.179 GC heap after
{Heap after GC invocations=11 (full 0):
 garbage-first heap   total 92160K, used 21188K [0x0000000081c00000, 0x0000000100000000)
  region size 1024K, 3 young (3072K), 3 survivors (3072K)
 Metaspace       used 35627K, committed 35968K, reserved 1081344K
  class space    used 4964K, committed 5120K, reserved 1048576K
}
Event: 6.062 GC heap before
{Heap before GC invocations=12 (full 0):
 garbage-first heap   total 78848K, used 63172K [0x0000000081c00000, 0x0000000100000000)
  region size 1024K, 44 young (45056K), 3 survivors (3072K)
 Metaspace       used 43475K, committed 43840K, reserved 1089536K
  class space    used 6134K, committed 6336K, reserved 1048576K
}
Event: 6.066 GC heap after
{Heap after GC invocations=13 (full 0):
 garbage-first heap   total 78848K, used 23756K [0x0000000081c00000, 0x0000000100000000)
  region size 1024K, 5 young (5120K), 5 survivors (5120K)
 Metaspace       used 43475K, committed 43840K, reserved 1089536K
  class space    used 6134K, committed 6336K, reserved 1048576K
}
Event: 6.706 GC heap before
{Heap before GC invocations=13 (full 0):
 garbage-first heap   total 78848K, used 56524K [0x0000000081c00000, 0x0000000100000000)
  region size 1024K, 37 young (37888K), 5 survivors (5120K)
 Metaspace       used 48319K, committed 48768K, reserved 1097728K
  class space    used 6764K, committed 6976K, reserved 1048576K
}
Event: 6.711 GC heap after
{Heap after GC invocations=14 (full 0):
 garbage-first heap   total 78848K, used 25855K [0x0000000081c00000, 0x0000000100000000)
  region size 1024K, 5 young (5120K), 5 survivors (5120K)
 Metaspace       used 48319K, committed 48768K, reserved 1097728K
  class space    used 6764K, committed 6976K, reserved 1048576K
}
Event: 7.102 GC heap before
{Heap before GC invocations=14 (full 0):
 garbage-first heap   total 78848K, used 57599K [0x0000000081c00000, 0x0000000100000000)
  region size 1024K, 36 young (36864K), 5 survivors (5120K)
 Metaspace       used 51119K, committed 51584K, reserved 1097728K
  class space    used 7141K, committed 7360K, reserved 1048576K
}
Event: 7.107 GC heap after
{Heap after GC invocations=15 (full 0):
 garbage-first heap   total 78848K, used 28087K [0x0000000081c00000, 0x0000000100000000)
  region size 1024K, 5 young (5120K), 5 survivors (5120K)
 Metaspace       used 51119K, committed 51584K, reserved 1097728K
  class space    used 7141K, committed 7360K, reserved 1048576K
}
Event: 7.649 GC heap before
{Heap before GC invocations=15 (full 0):
 garbage-first heap   total 78848K, used 58807K [0x0000000081c00000, 0x0000000100000000)
  region size 1024K, 35 young (35840K), 5 survivors (5120K)
 Metaspace       used 53455K, committed 53888K, reserved 1097728K
  class space    used 7465K, committed 7680K, reserved 1048576K
}
Event: 7.656 GC heap after
{Heap after GC invocations=16 (full 0):
 garbage-first heap   total 78848K, used 30923K [0x0000000081c00000, 0x0000000100000000)
  region size 1024K, 5 young (5120K), 5 survivors (5120K)
 Metaspace       used 53455K, committed 53888K, reserved 1097728K
  class space    used 7465K, committed 7680K, reserved 1048576K
}
Event: 8.216 GC heap before
{Heap before GC invocations=16 (full 0):
 garbage-first heap   total 78848K, used 60619K [0x0000000081c00000, 0x0000000100000000)
  region size 1024K, 34 young (34816K), 5 survivors (5120K)
 Metaspace       used 55809K, committed 56320K, reserved 1097728K
  class space    used 7853K, committed 8128K, reserved 1048576K
}
Event: 8.223 GC heap after
{Heap after GC invocations=17 (full 0):
 garbage-first heap   total 78848K, used 33466K [0x0000000081c00000, 0x0000000100000000)
  region size 1024K, 3 young (3072K), 3 survivors (3072K)
 Metaspace       used 55809K, committed 56320K, reserved 1097728K
  class space    used 7853K, committed 8128K, reserved 1048576K
}

