# JRE version: Java(TM) SE Runtime Environment (17.0.1+12) (build 17.0.1+12-LTS-39)
# Java VM: Java HotSpot(TM) 64-Bit Server VM (17.0.1+12-LTS-39, mixed mode, sharing, tiered, compressed oops, compressed class ptrs, g1 gc, windows-amd64)
GC Precious Log:
 CPUs: 8 total, 8 available
 Memory: 8072M
 Large Page Support: Disabled
 NUMA Support: Disabled
 Compressed Oops: Enabled (32-bit)
 Heap Region Size: 1M
 Heap Min Capacity: 8M
 Heap Initial Capacity: 128M
 Heap Max Capacity: 2020M
 Pre-touch: Disabled
 Parallel Workers: 8
 Concurrent Workers: 2
 Concurrent Refinement Workers: 8
 Periodic GC: Disabled
Heap:
 garbage-first heap   total 66560K, used 41952K [0x0000000081c00000, 0x0000000100000000)
  region size 1024K, 20 young (20480K), 1 survivors (1024K)
 Metaspace       used 38605K, committed 38912K, reserved 1089536K
  class space    used 5074K, committed 5184K, reserved 1048576K
GC Heap History (20 events):
Event: 2.137 GC heap before
{Heap before GC invocations=1 (full 0):
 garbage-first heap   total 131072K, used 35032K [0x0000000081c00000, 0x0000000100000000)
  region size 1024K, 29 young (29696K), 3 survivors (3072K)
 Metaspace       used 10961K, committed 11136K, reserved 1064960K
  class space    used 1418K, committed 1536K, reserved 1048576K
}
Event: 2.146 GC heap after
{Heap after GC invocations=2 (full 0):
 garbage-first heap   total 131072K, used 10916K [0x0000000081c00000, 0x0000000100000000)
  region size 1024K, 3 young (3072K), 3 survivors (3072K)
 Metaspace       used 10961K, committed 11136K, reserved 1064960K
  class space    used 1418K, committed 1536K, reserved 1048576K
}
Event: 3.035 GC heap before
{Heap before GC invocations=2 (full 0):
 garbage-first heap   total 131072K, used 79524K [0x0000000081c00000, 0x0000000100000000)
  region size 1024K, 71 young (72704K), 3 survivors (3072K)
 Metaspace       used 19129K, committed 19328K, reserved 1073152K
  class space    used 2570K, committed 2688K, reserved 1048576K
}
Event: 3.041 GC heap after
{Heap after GC invocations=3 (full 0):
 garbage-first heap   total 131072K, used 13782K [0x0000000081c00000, 0x0000000100000000)
  region size 1024K, 6 young (6144K), 6 survivors (6144K)
 Metaspace       used 19129K, committed 19328K, reserved 1073152K
  class space    used 2570K, committed 2688K, reserved 1048576K
}
Event: 3.235 GC heap before
{Heap before GC invocations=3 (full 0):
 garbage-first heap   total 131072K, used 30166K [0x0000000081c00000, 0x0000000100000000)
  region size 1024K, 24 young (24576K), 6 survivors (6144K)
 Metaspace       used 21341K, committed 21504K, reserved 1073152K
  class space    used 2790K, committed 2880K, reserved 1048576K
}
Event: 3.241 GC heap after
{Heap after GC invocations=4 (full 0):
 garbage-first heap   total 131072K, used 14460K [0x0000000081c00000, 0x0000000100000000)
  region size 1024K, 4 young (4096K), 4 survivors (4096K)
 Metaspace       used 21341K, committed 21504K, reserved 1073152K
  class space    used 2790K, committed 2880K, reserved 1048576K
}
Event: 3.669 GC heap before
{Heap before GC invocations=5 (full 0):
 garbage-first heap   total 55296K, used 43132K [0x0000000081c00000, 0x0000000100000000)
  region size 1024K, 32 young (32768K), 4 survivors (4096K)
 Metaspace       used 24126K, committed 24448K, reserved 1073152K
  class space    used 3160K, committed 3328K, reserved 1048576K
}
Event: 3.678 GC heap after
{Heap after GC invocations=6 (full 0):
 garbage-first heap   total 55296K, used 15908K [0x0000000081c00000, 0x0000000100000000)
  region size 1024K, 3 young (3072K), 3 survivors (3072K)
 Metaspace       used 24126K, committed 24448K, reserved 1073152K
  class space    used 3160K, committed 3328K, reserved 1048576K
}
Event: 4.128 GC heap before
{Heap before GC invocations=6 (full 0):
 garbage-first heap   total 55296K, used 38436K [0x0000000081c00000, 0x0000000100000000)
  region size 1024K, 25 young (25600K), 3 survivors (3072K)
 Metaspace       used 25709K, committed 26048K, reserved 1073152K
  class space    used 3350K, committed 3520K, reserved 1048576K
}
Event: 4.135 GC heap after
{Heap after GC invocations=7 (full 0):
 garbage-first heap   total 55296K, used 17242K [0x0000000081c00000, 0x0000000100000000)
  region size 1024K, 3 young (3072K), 3 survivors (3072K)
 Metaspace       used 25709K, committed 26048K, reserved 1073152K
  class space    used 3350K, committed 3520K, reserved 1048576K
}
Event: 4.881 GC heap before
{Heap before GC invocations=7 (full 0):
 garbage-first heap   total 55296K, used 39770K [0x0000000081c00000, 0x0000000100000000)
  region size 1024K, 25 young (25600K), 3 survivors (3072K)
 Metaspace       used 28897K, committed 29184K, reserved 1081344K
  class space    used 3774K, committed 3904K, reserved 1048576K
}
Event: 4.889 GC heap after
{Heap after GC invocations=8 (full 0):
 garbage-first heap   total 55296K, used 18933K [0x0000000081c00000, 0x0000000100000000)
  region size 1024K, 3 young (3072K), 3 survivors (3072K)
 Metaspace       used 28897K, committed 29184K, reserved 1081344K
  class space    used 3774K, committed 3904K, reserved 1048576K
}
Event: 5.568 GC heap before
{Heap before GC invocations=8 (full 0):
 garbage-first heap   total 55296K, used 40437K [0x0000000081c00000, 0x0000000100000000)
  region size 1024K, 24 young (24576K), 3 survivors (3072K)
 Metaspace       used 31679K, committed 31936K, reserved 1081344K
  class space    used 4147K, committed 4288K, reserved 1048576K
}
Event: 5.583 GC heap after
{Heap after GC invocations=9 (full 0):
 garbage-first heap   total 55296K, used 20923K [0x0000000081c00000, 0x0000000100000000)
  region size 1024K, 3 young (3072K), 3 survivors (3072K)
 Metaspace       used 31679K, committed 31936K, reserved 1081344K
  class space    used 4147K, committed 4288K, reserved 1048576K
}
Event: 6.343 GC heap before
{Heap before GC invocations=9 (full 0):
 garbage-first heap   total 55296K, used 41403K [0x0000000081c00000, 0x0000000100000000)
  region size 1024K, 23 young (23552K), 3 survivors (3072K)
 Metaspace       used 34986K, committed 35264K, reserved 1081344K
  class space    used 4545K, committed 4672K, reserved 1048576K
}
Event: 6.357 GC heap after
{Heap after GC invocations=10 (full 0):
 garbage-first heap   total 66560K, used 23262K [0x0000000081c00000, 0x0000000100000000)
  region size 1024K, 3 young (3072K), 3 survivors (3072K)
 Metaspace       used 34986K, committed 35264K, reserved 1081344K
  class space    used 4545K, committed 4672K, reserved 1048576K
}
Event: 6.382 GC heap before
{Heap before GC invocations=10 (full 0):
 garbage-first heap   total 66560K, used 48862K [0x0000000081c00000, 0x0000000100000000)
  region size 1024K, 29 young (29696K), 3 survivors (3072K)
 Metaspace       used 34996K, committed 35264K, reserved 1081344K
  class space    used 4545K, committed 4672K, reserved 1048576K
}
Event: 6.388 GC heap after
{Heap after GC invocations=11 (full 0):
 garbage-first heap   total 66560K, used 23414K [0x0000000081c00000, 0x0000000100000000)
  region size 1024K, 3 young (3072K), 3 survivors (3072K)
 Metaspace       used 34996K, committed 35264K, reserved 1081344K
  class space    used 4545K, committed 4672K, reserved 1048576K
}
Event: 6.730 GC heap before
{Heap before GC invocations=11 (full 0):
 garbage-first heap   total 66560K, used 47990K [0x0000000081c00000, 0x0000000100000000)
  region size 1024K, 29 young (29696K), 3 survivors (3072K)
 Metaspace       used 35762K, committed 36096K, reserved 1081344K
  class space    used 4641K, committed 4800K, reserved 1048576K
}
Event: 6.737 GC heap after
{Heap after GC invocations=12 (full 0):
 garbage-first heap   total 66560K, used 23520K [0x0000000081c00000, 0x0000000100000000)
  region size 1024K, 1 young (1024K), 1 survivors (1024K)
 Metaspace       used 35762K, committed 36096K, reserved 1081344K
  class space    used 4641K, committed 4800K, reserved 1048576K
}

