# JRE version: Java(TM) SE Runtime Environment (17.0.1+12) (build 17.0.1+12-LTS-39)
# Java VM: Java HotSpot(TM) 64-Bit Server VM (17.0.1+12-LTS-39, mixed mode, sharing, tiered, compressed oops, compressed class ptrs, g1 gc, windows-amd64)
GC Precious Log:
 CPUs: 8 total, 8 available
 Memory: 8072M
 Large Page Support: Disabled
 NUMA Support: Disabled
 Compressed Oops: Enabled (32-bit)
 Heap Region Size: 1M
 Heap Min Capacity: 8M
 Heap Initial Capacity: 128M
 Heap Max Capacity: 2020M
 Pre-touch: Disabled
 Parallel Workers: 8
 Concurrent Workers: 2
 Concurrent Refinement Workers: 8
 Periodic GC: Disabled
Heap:
 garbage-first heap   total 55296K, used 41734K [0x0000000081c00000, 0x0000000100000000)
  region size 1024K, 27 young (27648K), 4 survivors (4096K)
 Metaspace       used 32027K, committed 32320K, reserved 1081344K
  class space    used 4211K, committed 4352K, reserved 1048576K
GC Heap History (16 events):
Event: 0.829 GC heap before
{Heap before GC invocations=0 (full 0):
 garbage-first heap   total 131072K, used 23552K [0x0000000081c00000, 0x0000000100000000)
  region size 1024K, 23 young (23552K), 0 survivors (0K)
 Metaspace       used 4843K, committed 5056K, reserved 1056768K
  class space    used 601K, committed 704K, reserved 1048576K
}
Event: 0.836 GC heap after
{Heap after GC invocations=1 (full 0):
 garbage-first heap   total 131072K, used 7553K [0x0000000081c00000, 0x0000000100000000)
  region size 1024K, 3 young (3072K), 3 survivors (3072K)
 Metaspace       used 4843K, committed 5056K, reserved 1056768K
  class space    used 601K, committed 704K, reserved 1048576K
}
Event: 1.565 GC heap before
{Heap before GC invocations=1 (full 0):
 garbage-first heap   total 131072K, used 35201K [0x0000000081c00000, 0x0000000100000000)
  region size 1024K, 30 young (30720K), 3 survivors (3072K)
 Metaspace       used 11120K, committed 11328K, reserved 1064960K
  class space    used 1440K, committed 1536K, reserved 1048576K
}
Event: 1.572 GC heap after
{Heap after GC invocations=2 (full 0):
 garbage-first heap   total 131072K, used 10673K [0x0000000081c00000, 0x0000000100000000)
  region size 1024K, 3 young (3072K), 3 survivors (3072K)
 Metaspace       used 11120K, committed 11328K, reserved 1064960K
  class space    used 1440K, committed 1536K, reserved 1048576K
}
Event: 2.201 GC heap before
{Heap before GC invocations=2 (full 0):
 garbage-first heap   total 131072K, used 83377K [0x0000000081c00000, 0x0000000100000000)
  region size 1024K, 75 young (76800K), 3 survivors (3072K)
 Metaspace       used 19721K, committed 19968K, reserved 1073152K
  class space    used 2628K, committed 2688K, reserved 1048576K
}
Event: 2.207 GC heap after
{Heap after GC invocations=3 (full 0):
 garbage-first heap   total 131072K, used 13507K [0x0000000081c00000, 0x0000000100000000)
  region size 1024K, 6 young (6144K), 6 survivors (6144K)
 Metaspace       used 19721K, committed 19968K, reserved 1073152K
  class space    used 2628K, committed 2688K, reserved 1048576K
}
Event: 2.282 GC heap before
{Heap before GC invocations=3 (full 0):
 garbage-first heap   total 131072K, used 24771K [0x0000000081c00000, 0x0000000100000000)
  region size 1024K, 19 young (19456K), 6 survivors (6144K)
 Metaspace       used 21313K, committed 21504K, reserved 1073152K
  class space    used 2794K, committed 2880K, reserved 1048576K
}
Event: 2.287 GC heap after
{Heap after GC invocations=4 (full 0):
 garbage-first heap   total 131072K, used 14288K [0x0000000081c00000, 0x0000000100000000)
  region size 1024K, 4 young (4096K), 4 survivors (4096K)
 Metaspace       used 21313K, committed 21504K, reserved 1073152K
  class space    used 2794K, committed 2880K, reserved 1048576K
}
Event: 2.684 GC heap before
{Heap before GC invocations=5 (full 0):
 garbage-first heap   total 55296K, used 41936K [0x0000000081c00000, 0x0000000100000000)
  region size 1024K, 32 young (32768K), 4 survivors (4096K)
 Metaspace       used 24132K, committed 24448K, reserved 1073152K
  class space    used 3161K, committed 3328K, reserved 1048576K
}
Event: 2.689 GC heap after
{Heap after GC invocations=6 (full 0):
 garbage-first heap   total 55296K, used 15862K [0x0000000081c00000, 0x0000000100000000)
  region size 1024K, 3 young (3072K), 3 survivors (3072K)
 Metaspace       used 24132K, committed 24448K, reserved 1073152K
  class space    used 3161K, committed 3328K, reserved 1048576K
}
Event: 2.698 GC heap before
{Heap before GC invocations=6 (full 0):
 garbage-first heap   total 55296K, used 16886K [0x0000000081c00000, 0x0000000100000000)
  region size 1024K, 4 young (4096K), 3 survivors (3072K)
 Metaspace       used 24138K, committed 24448K, reserved 1073152K
  class space    used 3161K, committed 3328K, reserved 1048576K
}
Event: 2.701 GC heap after
{Heap after GC invocations=7 (full 0):
 garbage-first heap   total 55296K, used 15813K [0x0000000081c00000, 0x0000000100000000)
  region size 1024K, 1 young (1024K), 1 survivors (1024K)
 Metaspace       used 24138K, committed 24448K, reserved 1073152K
  class space    used 3161K, committed 3328K, reserved 1048576K
}
Event: 3.035 GC heap before
{Heap before GC invocations=7 (full 0):
 garbage-first heap   total 55296K, used 39365K [0x0000000081c00000, 0x0000000100000000)
  region size 1024K, 24 young (24576K), 1 survivors (1024K)
 Metaspace       used 25924K, committed 26240K, reserved 1073152K
  class space    used 3369K, committed 3520K, reserved 1048576K
}
Event: 3.041 GC heap after
{Heap after GC invocations=8 (full 0):
 garbage-first heap   total 55296K, used 16548K [0x0000000081c00000, 0x0000000100000000)
  region size 1024K, 2 young (2048K), 2 survivors (2048K)
 Metaspace       used 25924K, committed 26240K, reserved 1073152K
  class space    used 3369K, committed 3520K, reserved 1048576K
}
Event: 3.592 GC heap before
{Heap before GC invocations=8 (full 0):
 garbage-first heap   total 55296K, used 40100K [0x0000000081c00000, 0x0000000100000000)
  region size 1024K, 25 young (25600K), 2 survivors (2048K)
 Metaspace       used 29210K, committed 29504K, reserved 1081344K
  class space    used 3818K, committed 3968K, reserved 1048576K
}
Event: 3.598 GC heap after
{Heap after GC invocations=9 (full 0):
 garbage-first heap   total 55296K, used 18182K [0x0000000081c00000, 0x0000000100000000)
  region size 1024K, 3 young (3072K), 3 survivors (3072K)
 Metaspace       used 29210K, committed 29504K, reserved 1081344K
  class space    used 3818K, committed 3968K, reserved 1048576K
}

