# JRE version: Java(TM) SE Runtime Environment (13.0.2+8) (build 13.0.2+8)
# Java VM: Java HotSpot(TM) 64-Bit Server VM (13.0.2+8, mixed mode, sharing, tiered, compressed oops, g1 gc, windows-amd64)
Heap:
 garbage-first heap   total 157696K, used 12121K [0x0000000081c00000, 0x0000000100000000)
  region size 1024K, 5 young (5120K), 5 survivors (5120K)
 Metaspace       used 20325K, capacity 21215K, committed 21296K, reserved 1067008K
  class space    used 2801K, capacity 3178K, committed 3200K, reserved 1048576K
GC Heap History (9 events):
Event: 1.436 GC heap before
{Heap before GC invocations=0 (full 0):
 garbage-first heap   total 131072K, used 24576K [0x0000000081c00000, 0x0000000100000000)
  region size 1024K, 24 young (24576K), 0 survivors (0K)
 Metaspace       used 7742K, capacity 8052K, committed 8320K, reserved 1056768K
  class space    used 991K, capacity 1120K, committed 1152K, reserved 1048576K
}
Event: 1.457 GC heap after
{Heap after GC invocations=1 (full 0):
 garbage-first heap   total 131072K, used 6983K [0x0000000081c00000, 0x0000000100000000)
  region size 1024K, 3 young (3072K), 3 survivors (3072K)
 Metaspace       used 7742K, capacity 8052K, committed 8320K, reserved 1056768K
  class space    used 991K, capacity 1120K, committed 1152K, reserved 1048576K
}
Event: 1.857 GC heap before
{Heap before GC invocations=1 (full 0):
 garbage-first heap   total 131072K, used 26439K [0x0000000081c00000, 0x0000000100000000)
  region size 1024K, 22 young (22528K), 3 survivors (3072K)
 Metaspace       used 10896K, capacity 11400K, committed 11520K, reserved 1058816K
  class space    used 1479K, capacity 1691K, committed 1792K, reserved 1048576K
}
Event: 1.865 GC heap after
{Heap after GC invocations=2 (full 0):
 garbage-first heap   total 131072K, used 8052K [0x0000000081c00000, 0x0000000100000000)
  region size 1024K, 1 young (1024K), 1 survivors (1024K)
 Metaspace       used 10896K, capacity 11400K, committed 11520K, reserved 1058816K
  class space    used 1479K, capacity 1691K, committed 1792K, reserved 1048576K
}
Event: 2.112 GC heap before
{Heap before GC invocations=2 (full 0):
 garbage-first heap   total 131072K, used 55156K [0x0000000081c00000, 0x0000000100000000)
  region size 1024K, 48 young (49152K), 1 survivors (1024K)
 Metaspace       used 12700K, capacity 13343K, committed 13568K, reserved 1060864K
  class space    used 1722K, capacity 1962K, committed 2048K, reserved 1048576K
}
Event: 2.118 GC heap after
{Heap after GC invocations=3 (full 0):
 garbage-first heap   total 131072K, used 9055K [0x0000000081c00000, 0x0000000100000000)
  region size 1024K, 2 young (2048K), 2 survivors (2048K)
 Metaspace       used 12700K, capacity 13343K, committed 13568K, reserved 1060864K
  class space    used 1722K, capacity 1962K, committed 2048K, reserved 1048576K
}
Event: 3.411 GC heap before
{Heap before GC invocations=3 (full 0):
 garbage-first heap   total 131072K, used 68447K [0x0000000081c00000, 0x0000000100000000)
  region size 1024K, 61 young (62464K), 2 survivors (2048K)
 Metaspace       used 19410K, capacity 20375K, committed 20480K, reserved 1067008K
  class space    used 2658K, capacity 3047K, committed 3072K, reserved 1048576K
}
Event: 3.420 GC heap after
{Heap after GC invocations=4 (full 0):
 garbage-first heap   total 131072K, used 11767K [0x0000000081c00000, 0x0000000100000000)
  region size 1024K, 5 young (5120K), 5 survivors (5120K)
 Metaspace       used 19410K, capacity 20375K, committed 20480K, reserved 1067008K
  class space    used 2658K, capacity 3047K, committed 3072K, reserved 1048576K
}
Event: 3.485 GC heap before
{Heap before GC invocations=4 (full 0):
 garbage-first heap   total 131072K, used 16887K [0x0000000081c00000, 0x0000000100000000)
  region size 1024K, 11 young (11264K), 5 survivors (5120K)
 Metaspace       used 20325K, capacity 21215K, committed 21296K, reserved 1067008K
  class space    used 2801K, capacity 3178K, committed 3200K, reserved 1048576K
}

