# JRE version: Java(TM) SE Runtime Environment (13.0.2+8) (build 13.0.2+8)
# Java VM: Java HotSpot(TM) 64-Bit Server VM (13.0.2+8, mixed mode, sharing, tiered, compressed oops, g1 gc, windows-amd64)
Heap:
 garbage-first heap   total 107520K, used 64613K [0x0000000081c00000, 0x0000000100000000)
  region size 1024K, 35 young (35840K), 6 survivors (6144K)
 Metaspace       used 32928K, capacity 34192K, committed 34224K, reserved 1079296K
  class space    used 4068K, capacity 4579K, committed 4608K, reserved 1048576K
GC Heap History (20 events):
Event: 1.428 GC heap before
{Heap before GC invocations=1 (full 0):
 garbage-first heap   total 131072K, used 29290K [0x0000000081c00000, 0x0000000100000000)
  region size 1024K, 24 young (24576K), 3 survivors (3072K)
 Metaspace       used 5571K, capacity 6582K, committed 6656K, reserved 1056768K
  class space    used 559K, capacity 753K, committed 768K, reserved 1048576K
}
Event: 1.433 GC heap after
{Heap after GC invocations=2 (full 0):
 garbage-first heap   total 131072K, used 8619K [0x0000000081c00000, 0x0000000100000000)
  region size 1024K, 2 young (2048K), 2 survivors (2048K)
 Metaspace       used 5571K, capacity 6582K, committed 6656K, reserved 1056768K
  class space    used 559K, capacity 753K, committed 768K, reserved 1048576K
}
Event: 2.585 GC heap before
{Heap before GC invocations=2 (full 0):
 garbage-first heap   total 131072K, used 59819K [0x0000000081c00000, 0x0000000100000000)
  region size 1024K, 52 young (53248K), 2 survivors (2048K)
 Metaspace       used 9073K, capacity 9652K, committed 9856K, reserved 1058816K
  class space    used 1070K, capacity 1310K, committed 1408K, reserved 1048576K
}
Event: 2.591 GC heap after
{Heap after GC invocations=3 (full 0):
 garbage-first heap   total 131072K, used 11978K [0x0000000081c00000, 0x0000000100000000)
  region size 1024K, 5 young (5120K), 5 survivors (5120K)
 Metaspace       used 9073K, capacity 9652K, committed 9856K, reserved 1058816K
  class space    used 1070K, capacity 1310K, committed 1408K, reserved 1048576K
}
Event: 3.500 GC heap before
{Heap before GC invocations=3 (full 0):
 garbage-first heap   total 131072K, used 84682K [0x0000000081c00000, 0x0000000100000000)
  region size 1024K, 76 young (77824K), 5 survivors (5120K)
 Metaspace       used 13476K, capacity 14097K, committed 14336K, reserved 1060864K
  class space    used 1794K, capacity 2016K, committed 2048K, reserved 1048576K
}
Event: 3.512 GC heap after
{Heap after GC invocations=4 (full 0):
 garbage-first heap   total 131072K, used 18694K [0x0000000081c00000, 0x0000000100000000)
  region size 1024K, 10 young (10240K), 10 survivors (10240K)
 Metaspace       used 13476K, capacity 14097K, committed 14336K, reserved 1060864K
  class space    used 1794K, capacity 2016K, committed 2048K, reserved 1048576K
}
Event: 4.495 GC heap before
{Heap before GC invocations=4 (full 0):
 garbage-first heap   total 131072K, used 86278K [0x0000000081c00000, 0x0000000100000000)
  region size 1024K, 76 young (77824K), 10 survivors (10240K)
 Metaspace       used 18069K, capacity 18784K, committed 19072K, reserved 1064960K
  class space    used 2303K, capacity 2582K, committed 2688K, reserved 1048576K
}
Event: 4.509 GC heap after
{Heap after GC invocations=5 (full 0):
 garbage-first heap   total 131072K, used 22609K [0x0000000081c00000, 0x0000000100000000)
  region size 1024K, 4 young (4096K), 4 survivors (4096K)
 Metaspace       used 18069K, capacity 18784K, committed 19072K, reserved 1064960K
  class space    used 2303K, capacity 2582K, committed 2688K, reserved 1048576K
}
Event: 4.988 GC heap before
{Heap before GC invocations=5 (full 0):
 garbage-first heap   total 131072K, used 61521K [0x0000000081c00000, 0x0000000100000000)
  region size 1024K, 43 young (44032K), 4 survivors (4096K)
 Metaspace       used 20392K, capacity 21124K, committed 21296K, reserved 1067008K
  class space    used 2585K, capacity 2873K, committed 2944K, reserved 1048576K
}
Event: 4.995 GC heap after
{Heap after GC invocations=6 (full 0):
 garbage-first heap   total 131072K, used 24247K [0x0000000081c00000, 0x0000000100000000)
  region size 1024K, 6 young (6144K), 6 survivors (6144K)
 Metaspace       used 20392K, capacity 21124K, committed 21296K, reserved 1067008K
  class space    used 2585K, capacity 2873K, committed 2944K, reserved 1048576K
}
Event: 5.506 GC heap before
{Heap before GC invocations=7 (full 0):
 garbage-first heap   total 89088K, used 71351K [0x0000000081c00000, 0x0000000100000000)
  region size 1024K, 52 young (53248K), 6 survivors (6144K)
 Metaspace       used 23334K, capacity 24286K, committed 24624K, reserved 1071104K
  class space    used 2987K, capacity 3355K, committed 3456K, reserved 1048576K
}
Event: 5.519 GC heap after
{Heap after GC invocations=8 (full 0):
 garbage-first heap   total 89088K, used 27101K [0x0000000081c00000, 0x0000000100000000)
  region size 1024K, 5 young (5120K), 5 survivors (5120K)
 Metaspace       used 23334K, capacity 24286K, committed 24624K, reserved 1071104K
  class space    used 2987K, capacity 3355K, committed 3456K, reserved 1048576K
}
Event: 5.861 GC heap before
{Heap before GC invocations=8 (full 0):
 garbage-first heap   total 89088K, used 67037K [0x0000000081c00000, 0x0000000100000000)
  region size 1024K, 45 young (46080K), 5 survivors (5120K)
 Metaspace       used 25018K, capacity 25996K, committed 26160K, reserved 1071104K
  class space    used 3194K, capacity 3604K, committed 3712K, reserved 1048576K
}
Event: 5.867 GC heap after
{Heap after GC invocations=9 (full 0):
 garbage-first heap   total 107520K, used 29121K [0x0000000081c00000, 0x0000000100000000)
  region size 1024K, 5 young (5120K), 5 survivors (5120K)
 Metaspace       used 25018K, capacity 25996K, committed 26160K, reserved 1071104K
  class space    used 3194K, capacity 3604K, committed 3712K, reserved 1048576K
}
Event: 6.067 GC heap before
{Heap before GC invocations=9 (full 0):
 garbage-first heap   total 107520K, used 77249K [0x0000000081c00000, 0x0000000100000000)
  region size 1024K, 53 young (54272K), 5 survivors (5120K)
 Metaspace       used 26074K, capacity 27136K, committed 27184K, reserved 1073152K
  class space    used 3286K, capacity 3705K, committed 3712K, reserved 1048576K
}
Event: 6.073 GC heap after
{Heap after GC invocations=10 (full 0):
 garbage-first heap   total 107520K, used 30764K [0x0000000081c00000, 0x0000000100000000)
  region size 1024K, 4 young (4096K), 4 survivors (4096K)
 Metaspace       used 26074K, capacity 27136K, committed 27184K, reserved 1073152K
  class space    used 3286K, capacity 3705K, committed 3712K, reserved 1048576K
}
Event: 6.592 GC heap before
{Heap before GC invocations=10 (full 0):
 garbage-first heap   total 107520K, used 79916K [0x0000000081c00000, 0x0000000100000000)
  region size 1024K, 52 young (53248K), 4 survivors (4096K)
 Metaspace       used 28633K, capacity 29790K, committed 29872K, reserved 1075200K
  class space    used 3600K, capacity 4032K, committed 4096K, reserved 1048576K
}
Event: 6.599 GC heap after
{Heap after GC invocations=11 (full 0):
 garbage-first heap   total 107520K, used 32332K [0x0000000081c00000, 0x0000000100000000)
  region size 1024K, 6 young (6144K), 6 survivors (6144K)
 Metaspace       used 28633K, capacity 29790K, committed 29872K, reserved 1075200K
  class space    used 3600K, capacity 4032K, committed 4096K, reserved 1048576K
}
Event: 7.055 GC heap before
{Heap before GC invocations=11 (full 0):
 garbage-first heap   total 107520K, used 80460K [0x0000000081c00000, 0x0000000100000000)
  region size 1024K, 53 young (54272K), 6 survivors (6144K)
 Metaspace       used 31360K, capacity 32576K, committed 32816K, reserved 1077248K
  class space    used 3904K, capacity 4404K, committed 4480K, reserved 1048576K
}
Event: 7.068 GC heap after
{Heap after GC invocations=12 (full 0):
 garbage-first heap   total 107520K, used 35941K [0x0000000081c00000, 0x0000000100000000)
  region size 1024K, 6 young (6144K), 6 survivors (6144K)
 Metaspace       used 31360K, capacity 32576K, committed 32816K, reserved 1077248K
  class space    used 3904K, capacity 4404K, committed 4480K, reserved 1048576K
}

