# JRE version: Java(TM) SE Runtime Environment (13.0.2+8) (build 13.0.2+8)
# Java VM: Java HotSpot(TM) 64-Bit Server VM (13.0.2+8, mixed mode, sharing, tiered, compressed oops, g1 gc, windows-amd64)
Heap:
 garbage-first heap   total 157696K, used 12122K [0x0000000081c00000, 0x0000000100000000)
  region size 1024K, 5 young (5120K), 5 survivors (5120K)
 Metaspace       used 20279K, capacity 21199K, committed 21296K, reserved 1067008K
  class space    used 2787K, capacity 3178K, committed 3200K, reserved 1048576K
GC Heap History (9 events):
Event: 1.171 GC heap before
{Heap before GC invocations=0 (full 0):
 garbage-first heap   total 131072K, used 24576K [0x0000000081c00000, 0x0000000100000000)
  region size 1024K, 24 young (24576K), 0 survivors (0K)
 Metaspace       used 7749K, capacity 8090K, committed 8320K, reserved 1056768K
  class space    used 995K, capacity 1118K, committed 1152K, reserved 1048576K
}
Event: 1.180 GC heap after
{Heap after GC invocations=1 (full 0):
 garbage-first heap   total 131072K, used 6839K [0x0000000081c00000, 0x0000000100000000)
  region size 1024K, 3 young (3072K), 3 survivors (3072K)
 Metaspace       used 7749K, capacity 8090K, committed 8320K, reserved 1056768K
  class space    used 995K, capacity 1118K, committed 1152K, reserved 1048576K
}
Event: 1.421 GC heap before
{Heap before GC invocations=1 (full 0):
 garbage-first heap   total 131072K, used 17079K [0x0000000081c00000, 0x0000000100000000)
  region size 1024K, 13 young (13312K), 3 survivors (3072K)
 Metaspace       used 9518K, capacity 9979K, committed 10240K, reserved 1058816K
  class space    used 1296K, capacity 1499K, committed 1536K, reserved 1048576K
}
Event: 1.429 GC heap after
{Heap after GC invocations=2 (full 0):
 garbage-first heap   total 131072K, used 8053K [0x0000000081c00000, 0x0000000100000000)
  region size 1024K, 1 young (1024K), 1 survivors (1024K)
 Metaspace       used 9518K, capacity 9979K, committed 10240K, reserved 1058816K
  class space    used 1296K, capacity 1499K, committed 1536K, reserved 1048576K
}
Event: 1.836 GC heap before
{Heap before GC invocations=2 (full 0):
 garbage-first heap   total 131072K, used 45941K [0x0000000081c00000, 0x0000000100000000)
  region size 1024K, 39 young (39936K), 1 survivors (1024K)
 Metaspace       used 12644K, capacity 13231K, committed 13568K, reserved 1060864K
  class space    used 1718K, capacity 1930K, committed 2048K, reserved 1048576K
}
Event: 1.842 GC heap after
{Heap after GC invocations=3 (full 0):
 garbage-first heap   total 131072K, used 9129K [0x0000000081c00000, 0x0000000100000000)
  region size 1024K, 2 young (2048K), 2 survivors (2048K)
 Metaspace       used 12644K, capacity 13231K, committed 13568K, reserved 1060864K
  class space    used 1718K, capacity 1930K, committed 2048K, reserved 1048576K
}
Event: 2.503 GC heap before
{Heap before GC invocations=3 (full 0):
 garbage-first heap   total 131072K, used 60329K [0x0000000081c00000, 0x0000000100000000)
  region size 1024K, 53 young (54272K), 2 survivors (2048K)
 Metaspace       used 16176K, capacity 16888K, committed 17152K, reserved 1064960K
  class space    used 2213K, capacity 2507K, committed 2560K, reserved 1048576K
}
Event: 2.510 GC heap after
{Heap after GC invocations=4 (full 0):
 garbage-first heap   total 131072K, used 10586K [0x0000000081c00000, 0x0000000100000000)
  region size 1024K, 4 young (4096K), 4 survivors (4096K)
 Metaspace       used 16176K, capacity 16888K, committed 17152K, reserved 1064960K
  class space    used 2213K, capacity 2507K, committed 2560K, reserved 1048576K
}
Event: 2.883 GC heap before
{Heap before GC invocations=4 (full 0):
 garbage-first heap   total 131072K, used 41306K [0x0000000081c00000, 0x0000000100000000)
  region size 1024K, 35 young (35840K), 4 survivors (4096K)
 Metaspace       used 20279K, capacity 21199K, committed 21296K, reserved 1067008K
  class space    used 2787K, capacity 3178K, committed 3200K, reserved 1048576K
}

